583
583
964
177
108
978
5
147
47
553
882
47
496
47
496
805
600
147
911
147
658
41
207
147
374
600
911
496
340
911
600
271
147
41
805
168
964
47
515
47
528
503
147
338
47
600
882
454
41
41
47
600
859
553
330
817
600
147
724
583
528
147
600
146
47
600
5
454
147
600
197
147
515
158
805
114
295
911
147
766
41
3
661
880
47
496
133
661
496
41
886
280
147
41
147
805
600
166
147
147
147
147
583
805
496
955
911
904
47
600
310
277
661
583
583
340
5
661
540
911
147
39
580
330
656
147
114
805
955
882
315
147
469
284
583
661
955
147
47
312
47
600
340
41
805
834
114
882
340
978
805
945
41
600
47
147
600
583
41
147
374
330
335
600
47
330
860
600
147
805
47
340
340
600
600
41
47
45
600
312
904
911
955
969
427
147
41
600
252
47
399
684
205
47
47
41
147
684
600
469
340
661
114
583
5
147
41
41
47
147
600
134
147
904
177
41
805
399
496
661
47
147
583
805
971
661
335
47
27
308
600
600
661
964
147
496
335
327
47
496
600
805
47
805
583
891
47
147
251
600
134
553
600
911
501
147
661
600
340
600
661
583
147
41
429
340
47
147
147
548
978
501
911
600
335
580
661
600
147
114
661
911
661
47
47
971
41
197
496
904
600
684
335
41
146
5
54
600
600
158
978
5
600
600
112
600
166
107
600
600
335
47
41
41
600
956
197
280
41
330
147
147
41
47
583
268
454
147
602
805
881
39
561
804
661
496
147
147
561
240
197
515
166
280
600
955
964
904
583
41
47
978
268
805
955
496
805
340
47
110
374
47
600
955
600
600
882
600
147
93
30
330
583
600
399
280
335
41
147
553
147
295
338
104
600
41
904
30
600
205
515
54
147
895
41
600
335
197
166
600
600
661
955
805
41
330
600
600
338
41
600
47
399
600
669
600
496
600
496
147
114
600
661
147
6
41
469
600
540
496
600
661
805
256
600
152
911
61
515
335
47
30
146
870
600
147
147
5
600
580
248
147
147
669
41
600
911
496
911
47
312
47
47
600
969
600
762
904
620
61
47
147
886
454
202
911
5
147
600
964
600
805
947
340
600
964
5
47
561
600
978
155
147
600
41
600
47
147
600
147
38
147
147
978
147
147
805
600
945
41
330
340
978
41
44
427
147
600
147
147
600
955
114
955
335
978
661
374
293
882
501
673
374
147
600
147
496
41
147
964
144
41
978
196
515
454
805
47
600
600
47
805
47
904
600
147
515
5
867
47
315
964
41
104
147
123
496
501
978
196
91
330
600
295
158
147
147
945
5
496
600
435
600
292
515
41
104
388
327
971
147
114
661
147
147
330
147
454
147
147
47
41
515
454
147
600
805
600
146
65
767
338
600
600
692
496
583
47
805
522
112
945
454
600
41
315
108
600
904
600
168
600
600
978
147
498
978
41
733
761
600
330
335
805
600
600
661
600
41
41
978
600
147
134
600
147
805
330
104
335
600
904
600
600
661
44
964
600
183
685
496
548
147
496
364
992
147
661
515
978
882
600
374
600
41
166
661
47
147
47
41
147
583
805
147
102
854
128
600
805
656
315
515
978
47
335
147
147
41
41
41
5
147
335
158
911
583
600
600
399
600
904
41
293
108
399
501
338
158
147
47
805
147
147
911
147
600
47
964
515
147
315
600
661
147
340
147
108
114
805
158
600
583
151
496
695
47
340
340
600
678
600
904
41
496
496
600
312
561
805
147
312
600
166
90
41
47
600
48
600
453
315
374
600
600
978
47
600
661
600
600
41
41
47
147
340
978
964
454
41
330
600
41
41
147
45
600
186
128
945
335
96
454
600
147
295
47
147
698
47
147
76
166
147
47
600
496
147
158
807
41
41
600
969
656
911
698
41
295
859
762
147
312
225
78
47
600
600
41
600
104
280
945
515
147
112
158
41
147
583
147
147
210
600
454
134
600
600
226
47
947
206
600
517
600
41
600
695
330
600
600
47
134
41
501
41
134
166
340
147
251
41
65
964
207
684
600
600
41
340
134
68
340
501
600
805
904
602
600
600
600
47
147
30
47
5
330
496
147
955
600
268
147
335
47
335
47
964
147
515
600
978
911
147
501
147
496
147
528
166
340
47
330
515
65
138
805
147
496
548
661
330
41
147
217
47
147
47
911
600
600
5
854
904
5
955
454
147
661
340
104
30
469
315
882
661
335
515
496
47
600
41
600
515
600
311
600
340
600
112
661
684
41
147
600
138
166
256
47
104
41
6
47
192
47
147
955
580
969
138
41
240
147
600
147
41
315
41
553
312
515
41
386
147
805
312
335
330
515
515
600
600
286
600
166
600
147
47
147
969
47
600
480
882
454
164
147
147
600
268
969
805
47
117
47
684
553
661
47
112
978
969
41
600
661
399
436
550
41
340
971
805
661
529
147
147
147
166
515
600
805
600
964
41
168
583
388
600
207
114
212
964
41
41
600
515
501
47
207
47
5
561
41
384
5
600
600
146
330
600
146
969
515
47
41
515
10
41
553
41
47
335
436
620
335
90
964
600
147
280
374
330
330
147
335
600
964
147
340
147
47
541
374
147
41
312
330
600
41
207
911
41
340
30
886
964
41
600
971
251
600
147
47
335
41
891
166
969
192
911
600
805
41
41
374
5
41
583
435
47
5
166
528
295
886
207
166
496
501
658
134
454
147
41
112
945
330
340
47
147
374
978
47
685
522
147
104
574
964
978
886
41
600
47
496
600
600
47
583
147
600
805
295
47
515
550
978
47
147
330
882
21
147
335
295
600
41
600
39
151
911
267
374
971
21
969
155
147
473
600
147
805
41
147
147
600
47
227
600
147
41
5
661
192
65
312
41
330
515
496
57
600
147
147
600
147
600
118
886
27
155
41
147
805
293
496
964
805
147
47
805
600
945
600
508
147
228
600
315
515
805
600
47
147
496
47
969
41
600
969
886
196
600
684
496
30
469
911
166
330
340
114
454
480
41
196
42
295
904
47
236
41
600
117
147
47
134
945
168
934
312
986
41
600
47
374
501
5
335
147
955
41
41
340
5
661
47
583
295
661
583
12
340
600
147
454
41
755
41
515
47
199
528
147
548
41
340
5
47
540
41
583
805
147
39
600
374
330
41
911
15
41
661
600
41
955
756
147
496
312
245
515
280
147
41
454
600
684
374
528
225
47
147
197
945
147
904
911
192
600
600
156
630
280
374
496
807
41
147
41
147
7
246
964
893
147
805
600
501
114
969
147
47
41
600
47
600
600
292
147
47
47
41
47
47
600
78
327
47
5
41
600
47
340
41
600
147
41
955
600
978
340
147
904
47
596
780
83
147
600
964
661
904
435
600
47
147
330
583
600
992
553
600
374
147
41
374
480
147
386
47
41
515
600
168
805
147
600
600
147
600
41
41
583
41
147
600
469
911
600
147
600
147
147
374
147
47
47
147
147
47
600
600
128
147
338
600
147
661
661
964
978
338
402
41
147
805
47
41
41
600
602
118
945
630
41
47
47
945
978
147
600
246
388
522
421
469
541
114
374
978
893
600
695
5
166
374
47
217
577
695
47
60
147
47
47
647
978
47
600
661
114
600
330
47
5
561
338
114
335
904
47
600
496
41
161
47
138
197
41
47
600
23
553
661
330
600
295
88
41
669
600
600
600
41
41
600
47
969
454
104
553
501
474
155
817
41
147
41
104
41
41
5
600
600
41
41
978
114
327
730
496
561
600
805
41
104
600
969
41
661
110
600
330
47
101
805
684
600
786
859
515
600
600
197
52
147
159
147
38
600
41
77
147
496
166
41
47
47
144
817
496
39
374
147
114
335
602
964
41
805
955
496
964
911
340
661
330
374
673
47
295
515
964
295
435
911
147
280
805
911
553
978
600
197
147
600
661
882
147
147
147
295
600
600
271
805
548
805
528
583
803
146
522
147
47
945
600
685
548
134
695
600
528
904
600
374
147
429
600
47
911
661
114
805
839
548
147
661
147
580
47
293
600
340
600
969
522
207
661
47
147
805
911
661
964
293
147
47
600
315
47
515
802
454
147
600
335
197
600
671
30
128
147
600
47
41
295
774
501
182
166
600
553
47
805
600
583
882
978
978
41
496
600
684
496
151
47
147
340
583
54
207
680
600
600
501
114
661
600
158
805
548
978
600
47
969
11
805
911
969
978
911
47
158
501
600
600
911
41
41
945
147
41
496
5
41
600
904
600
41
104
147
47
41
41
547
41
583
335
496
330
600
859
147
600
472
978
571
388
312
496
969
583
338
108
600
882
340
340
805
805
340
891
47
104
268
104
891
600
496
147
496
501
855
661
600
147
600
47
600
47
501
600
412
661
147
340
969
969
330
44
147
978
335
399
271
219
661
496
600
330
161
437
47
600
5
978
41
600
41
101
955
114
147
47
600
47
964
600
661
454
437
600
955
583
335
516
469
41
147
669
600
340
19
684
805
41
600
600
600
147
47
501
47
47
338
41
340
600
600
805
964
206
47
41
47
47
600
47
911
147
156
147
108
600
47
600
146
41
207
47
911
327
147
147
41
399
600
515
147
978
600
600
600
47
600
515
969
374
600
38
166
147
47
600
146
68
528
197
805
600
41
600
5
5
166
41
600
147
911
134
496
600
501
104
41
295
600
661
374
47
978
147
600
335
41
955
964
600
600
964
600
147
330
600
340
166
340
335
288
47
388
766
147
147
374
600
147
147
805
467
158
147
41
978
47
600
5
600
147
600
427
47
730
600
47
515
147
45
147
600
600
964
528
550
600
147
600
114
528
528
886
147
146
147
117
684
166
964
469
41
207
767
496
41
600
805
338
54
48
805
891
511
147
803
147
112
330
882
315
600
118
47
661
117
501
147
625
177
515
340
41
969
156
147
769
5
147
964
964
147
45
47
522
638
600
374
583
468
340
147
600
805
47
65
600
197
978
600
155
47
600
47
600
41
47
330
147
496
47
964
515
335
600
553
142
515
904
600
528
454
41
418
112
978
600
315
498
88
668
661
47
515
330
515
600
54
661
312
47
38
147
330
47
454
41
41
158
295
600
340
374
600
15
351
329
44
600
600
5
685
41
969
661
41
147
147
374
805
42
528
186
268
147
964
147
561
256
531
684
47
978
668
210
501
469
147
41
147
661
911
41
146
496
969
600
583
904
955
515
496
330
47
147
496
805
469
315
47
65
335
41
695
147
39
47
147
904
600
147
330
166
78
47
5
583
147
600
583
971
550
994
41
41
47
39
17
335
147
41
955
904
5
733
147
904
985
548
978
47
147
38
496
454
335
964
580
147
955
583
104
38
496
41
47
600
600
454
515
374
47
580
805
340
561
515
13
41
600
41
600
661
68
978
911
47
580
130
600
515
503
600
340
159
65
295
235
41
41
805
41
41
78
496
147
280
661
335
30
351
47
147
374
805
600
147
41
600
41
340
340
600
5
684
47
147
90
47
147
602
600
207
515
338
147
515
268
5
41
945
47
600
41
41
978
600
600
528
73
583
911
600
315
47
600
882
600
146
47
964
978
904
330
600
454
600
964
47
330
600
41
134
147
528
41
964
964
30
186
583
5
47
661
600
600
114
47
583
41
47
41
501
661
643
978
583
41
147
147
596
600
335
600
583
147
335
47
335
454
147
600
496
904
156
47
335
522
147
47
177
335
335
340
340
47
454
330
47
600
41
600
805
207
146
47
496
47
501
5
155
583
600
76
147
496
805
335
146
583
515
5
108
374
340
156
580
600
661
600
911
147
78
114
146
147
600
47
904
882
805
147
661
911
600
661
600
583
583
147
978
47
295
104
803
47
147
5
374
600
580
41
955
642
600
230
310
147
147
600
661
978
47
147
168
978
600
41
374
805
661
969
110
805
803
338
20
600
600
47
496
135
992
5
553
600
600
41
340
41
496
600
978
600
515
769
454
919
661
600
496
335
600
454
496
955
147
147
399
600
374
43
882
166
501
147
496
330
978
147
147
964
41
340
600
47
41
41
515
805
41
110
978
41
41
374
583
196
147
47
600
41
583
166
335
971
600
807
661
600
805
498
427
47
207
295
340
911
340
600
147
147
911
854
600
986
47
280
501
454
600
335
147
600
600
5
600
805
600
600
41
196
600
147
47
600
5
911
388
434
5
41
602
978
600
47
104
600
805
47
147
600
147
104
661
5
805
496
47
166
16
327
600
280
469
969
41
600
600
602
161
805
280
712
147
41
600
964
47
39
661
280
473
41
146
47
904
661
330
147
39
978
882
41
47
600
280
384
805
600
41
600
5
295
47
312
41
340
41
41
600
600
436
295
600
149
286
661
600
147
47
600
886
47
496
600
474
5
600
600
335
147
47
240
374
315
338
41
41
41
969
600
147
30
147
147
338
583
496
47
268
295
47
374
496
41
515
761
678
600
47
47
246
491
47
600
661
47
583
41
805
600
600
41
41
600
971
47
147
600
340
47
956
600
600
108
600
600
147
911
47
256
583
600
969
41
147
496
41
600
330
911
41
47
41
600
147
945
112
399
340
335
911
978
600
168
47
147
41
340
508
522
47
68
600
330
484
240
964
41
41
805
78
600
340
76
147
147
661
315
335
147
600
41
147
5
147
268
904
969
515
335
978
147
399
600
5
340
496
114
335
501
867
147
515
41
147
964
47
41
600
904
104
515
47
340
327
47
147
340
613
964
41
47
41
911
47
600
496
661
600
47
330
340
725
583
515
882
330
472
583
340
52
147
146
600
600
955
374
240
685
600
47
47
47
330
41
904
600
47
600
904
859
969
330
41
39
41
661
47
855
147
147
134
47
41
496
63
805
469
964
547
886
28
335
600
47
515
147
41
661
47
454
335
47
197
47
600
335
600
661
600
427
805
964
496
315
969
47
47
882
104
112
134
41
147
168
295
340
955
501
340
496
805
47
330
146
630
501
600
206
41
114
496
47
992
528
327
5
47
117
805
47
600
41
978
47
911
47
805
550
147
602
47
525
834
904
41
47
335
730
41
47
833
147
578
77
600
47
600
600
600
501
41
5
47
166
19
47
805
41
47
168
252
661
583
427
147
207
964
515
47
600
114
600
156
147
969
338
41
501
501
600
600
561
205
41
978
805
147
992
330
340
545
600
600
47
580
600
47
600
600
340
268
340
47
600
978
805
583
600
964
335
867
600
583
600
104
805
600
515
496
147
436
147
112
57
600
47
47
41
147
104
600
312
978
147
330
805
47
805
600
5
147
600
978
207
147
496
600
41
501
891
969
978
166
147
571
964
685
134
374
501
207
978
335
41
600
600
496
147
374
47
330
600
47
600
805
57
496
147
805
684
147
147
147
496
805
335
147
147
501
600
41
602
600
47
147
374
600
805
805
88
955
47
256
147
323
335
911
335
956
146
104
834
911
805
969
496
600
964
661
41
47
177
600
41
340
207
41
147
402
47
600
600
600
661
47
600
168
911
338
602
147
480
340
166
496
335
600
147
515
41
859
680
805
47
805
600
47
600
47
47
41
39
661
335
955
661
47
978
47
600
47
41
600
661
600
47
327
978
600
553
600
600
685
600
600
805
955
496
315
112
340
969
327
41
147
661
295
600
110
678
945
600
658
600
600
147
374
805
293
156
978
600
135
886
41
469
805
147
600
47
78
112
41
684
911
791
147
134
955
374
110
25
685
147
805
454
969
147
978
515
41
327
286
454
600
183
147
600
41
47
41
515
161
41
47
805
47
528
41
340
41
340
805
47
600
454
41
5
600
600
134
978
528
600
147
473
600
600
626
147
207
661
522
402
955
41
496
41
891
47
935
945
340
602
295
964
496
147
548
147
402
110
388
374
600
47
496
600
454
600
964
374
600
47
583
600
496
340
904
47
340
904
41
600
335
47
147
600
268
584
47
580
13
41
600
515
969
454
882
207
854
454
340
41
340
583
340
685
964
496
882
47
805
295
47
340
969
805
528
600
761
330
964
883
429
600
147
104
436
114
47
147
186
600
600
313
147
964
600
147
600
47
112
5
41
315
469
945
374
496
47
41
47
147
327
501
553
904
117
335
47
41
805
678
600
515
47
146
179
911
41
335
374
147
41
600
919
47
138
955
501
41
986
600
147
600
661
630
87
47
374
147
978
656
528
280
978
207
340
515
583
41
41
41
5
600
600
806
600
147
147
600
978
147
528
182
147
496
904
295
327
41
472
92
978
52
147
330
600
964
330
600
540
863
978
501
112
771
496
964
47
550
147
330
246
374
600
41
147
147
515
600
661
600
911
600
312
41
335
41
600
388
515
52
600
978
964
147
600
147
600
553
661
5
955
904
600
911
805
600
469
600
600
41
158
882
661
330
600
41
47
340
600
147
52
147
134
805
147
553
47
904
47
600
335
335
454
661
340
955
882
964
374
207
548
47
904
147
197
600
147
41
41
41
661
776
600
147
335
600
245
47
32
600
47
207
600
600
600
47
340
5
147
114
315
47
315
52
102
600
47
147
867
600
147
374
904
147
515
280
47
600
600
147
600
583
583
684
661
134
911
47
41
47
955
969
47
600
47
335
41
147
583
911
971
280
147
177
978
147
114
191
474
335
147
147
429
166
550
626
147
146
47
41
166
600
330
969
580
215
600
340
280
436
330
335
47
168
978
327
600
661
427
805
528
41
672
47
47
35
978
147
600
904
964
41
600
90
600
47
280
335
41
147
685
147
45
41
583
340
147
114
147
41
600
600
207
496
47
41
772
41
41
41
315
496
147
501
945
88
515
197
41
1
496
47
147
104
197
5
886
496
41
47
147
978
501
134
147
548
335
147
330
904
245
496
436
5
104
166
600
47
147
955
41
5
600
583
638
41
327
580
335
47
147
207
147
496
41
600
47
41
548
147
38
691
268
330
600
147
669
5
583
47
684
146
47
134
147
147
528
978
5
147
911
882
496
47
295
44
491
41
522
600
964
47
893
340
330
465
340
268
661
474
661
47
65
805
600
600
147
600
41
807
134
600
268
600
600
47
583
41
47
661
600
831
41
217
147
374
330
561
47
969
978
41
41
30
548
978
47
600
374
528
47
600
335
955
147
496
47
114
295
147
583
340
166
134
661
30
1
166
436
41
600
600
661
978
47
978
496
41
600
47
427
134
340
600
268
685
964
41
47
147
695
135
340
147
600
600
600
47
114
978
911
114
600
147
600
41
340
661
104
168
600
41
600
600
47
583
146
340
600
600
41
177
147
186
147
280
207
147
600
964
805
47
600
600
335
904
147
340
41
600
454
134
47
65
315
47
268
147
374
978
315
600
427
104
600
886
955
112
602
805
114
561
964
147
47
945
147
47
41
147
805
41
41
280
41
964
600
212
5
851
147
600
583
147
496
515
147
147
600
147
964
600
340
166
978
964
528
684
41
805
41
805
115
528
147
854
515
600
969
600
340
656
964
600
600
327
13
465
335
964
496
964
41
469
41
805
600
104
295
155
600
128
600
904
41
207
128
308
335
600
805
807
515
47
600
600
600
286
47
47
47
805
47
335
904
41
41
41
964
47
583
969
5
147
147
41
964
147
41
583
469
41
315
964
47
245
47
548
147
600
134
108
41
600
904
805
41
805
550
47
600
399
669
656
330
600
600
340
335
16
41
41
147
600
964
47
964
47
600
766
580
147
47
47
454
549
41
147
435
48
280
496
41
600
247
955
41
890
41
501
156
41
600
335
47
90
600
110
911
5
41
600
956
147
41
41
41
47
528
600
805
805
496
147
600
971
47
41
374
41
561
766
469
911
600
661
41
583
147
207
155
501
600
47
600
600
911
147
147
978
47
600
147
47
600
47
600
803
882
680
114
969
600
661
600
47
340
280
104
516
47
600
147
41
600
47
969
600
548
911
964
112
41
147
600
47
147
207
315
335
964
47
661
854
47
38
147
911
805
600
166
47
39
600
964
882
805
978
47
904
47
602
217
911
147
882
600
47
47
496
600
41
47
600
315
340
267
528
47
805
183
600
583
911
799
192
147
978
780
600
921
515
295
38
515
911
600
600
661
110
117
600
831
134
5
427
78
147
280
41
600
661
969
969
335
427
561
180
600
147
805
600
335
661
971
503
501
600
600
421
114
114
969
465
515
47
30
158
399
807
969
41
147
147
78
47
112
267
330
761
330
41
805
41
600
600
515
661
600
30
330
41
733
600
496
5
661
985
147
761
267
661
496
118
147
515
41
583
978
661
280
501
47
540
88
41
41
600
295
47
47
28
805
39
104
496
550
338
583
969
600
108
955
583
220
147
421
602
5
147
577
600
600
47
41
47
515
134
147
265
147
496
583
5
547
340
553
658
114
41
90
602
146
374
330
147
114
90
41
110
47
5
911
600
47
335
805
964
600
805
561
335
89
955
600
340
600
743
969
41
661
41
268
859
638
31
334
964
761
147
158
863
531
374
583
330
978
47
41
146
583
661
583
630
583
600
41
436
454
661
600
34
900
389
47
600
496
340
147
600
114
969
295
819
335
600
600
330
41
41
978
5
805
340
964
600
904
776
147
116
684
47
661
340
978
147
661
384
286
528
47
207
600
600
41
600
508
515
964
217
600
108
340
600
47
964
75
47
600
340
978
143
41
280
600
642
41
600
638
904
47
805
147
47
246
882
469
295
911
47
117
600
374
41
5
207
661
961
5
964
52
147
602
805
147
147
515
600
147
340
496
312
971
47
978
47
41
47
515
147
388
540
496
600
503
41
600
600
5
104
600
550
315
47
41
891
886
600
335
5
955
661
955
600
47
47
65
600
172
496
600
501
147
5
769
15
955
661
964
656
600
867
41
147
374
904
834
547
515
340
805
600
978
600
600
147
147
139
57
41
88
945
240
600
955
945
197
5
964
47
583
600
805
147
541
147
273
600
147
41
41
805
196
600
327
600
600
99
147
147
600
41
47
47
147
528
41
496
964
41
104
41
945
978
207
147
911
5
911
501
41
147
600
335
978
600
147
147
295
240
47
68
147
41
528
41
335
110
196
600
661
240
104
340
710
695
147
47
911
882
600
147
156
423
911
600
600
600
147
41
955
501
911
545
147
496
340
969
147
147
114
47
805
41
47
41
805
969
41
41
968
911
240
338
978
340
41
147
47
684
515
600
515
47
47
147
134
496
600
251
41
863
147
5
911
834
515
583
41
911
904
47
761
47
661
969
295
600
969
583
295
41
374
147
911
315
978
547
16
805
661
602
600
114
147
41
340
600
41
600
41
41
47
147
904
969
547
47
47
515
215
964
47
41
956
600
47
47
340
147
583
41
41
134
600
501
805
600
630
112
904
583
335
761
805
147
583
669
501
891
600
166
147
340
583
626
805
496
177
553
41
41
769
315
600
911
955
41
600
368
281
496
501
47
47
330
583
47
805
964
147
41
581
685
508
327
600
553
964
47
766
964
805
661
327
47
312
41
454
327
335
335
146
147
578
969
147
41
969
104
210
600
661
805
147
508
384
978
435
583
47
511
969
600
496
41
600
600
114
23
600
600
340
47
147
41
374
501
501
118
117
168
685
600
47
436
911
807
147
600
561
600
41
496
196
335
496
945
600
994
600
583
600
47
724
964
207
882
384
41
330
600
47
547
955
147
147
638
661
5
815
642
147
41
41
834
330
177
47
41
295
299
41
47
41
47
661
600
327
47
600
600
41
750
882
114
911
90
600
46
600
6
327
600
147
600
805
600
5
968
955
600
600
490
41
41
684
805
522
600
268
147
340
147
515
600
41
147
41
54
47
274
622
669
5
147
41
805
41
41
600
583
340
280
388
147
25
600
515
102
661
911
805
166
147
583
340
166
600
978
496
805
882
104
600
112
335
41
47
978
41
522
340
47
41
5
978
147
600
147
5
978
147
600
47
41
580
945
919
661
969
147
47
947
63
47
374
600
374
469
805
472
583
41
600
147
496
767
41
685
600
600
805
854
911
41
600
147
41
47
68
340
60
41
911
166
580
661
295
147
147
147
147
47
30
600
904
295
147
503
600
600
600
39
147
496
600
147
147
600
147
47
41
547
41
978
41
166
911
501
600
147
496
600
47
47
602
501
496
661
166
41
472
52
114
399
388
41
528
330
600
955
30
147
330
47
955
340
600
904
600
147
969
600
295
600
41
496
47
41
147
600
5
47
600
102
134
971
803
114
969
600
882
496
110
147
600
435
114
387
47
600
147
661
600
295
41
600
41
600
600
47
805
147
47
515
805
600
117
480
78
399
5
295
685
41
600
340
600
147
911
158
47
41
437
945
669
330
661
969
388
147
945
600
197
496
147
515
110
156
805
256
147
600
340
549
330
315
166
600
146
911
147
730
685
114
964
41
374
496
39
147
528
41
147
47
39
104
583
110
528
600
669
5
52
904
805
340
600
327
600
600
969
41
47
661
340
661
600
47
327
147
496
904
312
52
47
52
684
600
335
971
108
156
41
207
41
384
600
600
501
330
295
47
47
600
600
293
13
47
147
684
340
41
501
147
146
114
65
600
515
166
600
147
661
904
685
41
600
374
600
228
47
93
65
978
964
964
78
600
41
600
147
600
691
47
805
286
496
600
600
41
496
600
496
548
600
39
600
47
147
583
969
805
600
600
854
761
496
295
147
47
330
602
805
945
61
600
108
374
945
47
147
47
41
340
956
47
496
964
147
583
374
496
911
724
114
340
5
147
166
600
969
147
47
47
805
600
35
600
47
147
600
583
548
207
256
323
15
47
47
600
47
384
600
147
335
904
315
90
104
600
600
47
501
52
978
661
661
886
955
47
386
335
47
580
256
608
147
47
41
600
41
47
41
964
600
78
147
515
600
41
147
41
515
496
964
41
548
47
454
374
78
147
753
47
374
436
900
330
147
114
147
147
340
147
147
978
583
47
47
969
600
911
41
550
964
600
147
147
454
583
805
496
47
47
312
501
548
805
955
496
692
374
600
805
528
955
416
600
41
515
134
47
600
108
583
295
41
327
207
600
47
47
600
147
147
340
561
685
600
600
160
41
600
561
600
882
600
971
600
47
911
600
515
522
147
340
340
147
955
134
600
600
978
41
600
207
805
805
685
515
669
600
583
805
600
600
580
528
293
41
600
969
833
41
90
207
600
338
472
695
805
374
630
911
964
47
550
47
978
41
110
147
945
335
110
553
41
540
88
501
978
805
895
330
47
147
374
1
112
47
147
945
964
661
340
911
47
374
114
515
761
964
286
5
147
330
240
501
47
964
147
600
41
805
138
805
147
583
147
144
335
515
583
600
600
436
147
600
600
47
583
882
766
580
292
978
658
147
88
330
661
515
882
335
496
335
600
496
41
41
147
911
454
147
600
330
47
600
600
147
600
47
496
600
600
501
436
583
600
805
600
47
886
600
110
41
325
454
496
41
501
207
600
330
600
402
330
180
522
106
340
330
335
600
147
528
330
340
600
600
41
330
330
805
454
47
454
427
673
203
47
335
330
661
515
805
469
805
147
496
945
5
340
805
911
41
374
600
600
945
600
515
969
147
964
600
805
805
806
600
805
147
600
147
661
886
327
600
47
656
661
904
439
41
177
5
41
515
978
600
600
148
41
154
327
268
600
964
30
104
41
710
600
955
117
600
41
548
600
330
374
907
47
147
600
600
964
496
47
166
47
207
600
88
600
110
600
600
138
330
240
600
47
112
252
330
630
47
992
600
147
412
47
335
256
469
496
964
335
978
41
978
600
76
600
805
47
600
600
374
39
904
496
805
41
805
240
47
65
399
114
330
41
2
330
47
112
47
600
41
240
964
41
47
600
144
515
41
335
41
47
241
5
374
496
374
600
174
600
501
117
41
496
47
805
41
147
41
561
340
147
515
583
47
335
374
207
374
964
805
661
978
41
147
47
47
661
147
114
661
112
600
41
496
340
88
295
978
330
515
548
904
600
41
600
496
47
661
661
147
515
41
147
47
661
642
528
147
435
41
496
964
964
600
457
374
955
583
600
158
374
600
147
904
661
335
47
295
147
600
335
5
904
166
335
44
600
1
496
805
47
886
496
600
76
147
805
669
964
5
600
48
583
134
330
374
41
496
41
41
454
207
147
661
834
47
600
600
47
583
5
805
226
805
600
985
41
748
805
212
47
454
600
47
540
110
661
47
600
661
945
561
295
964
600
147
273
295
600
762
335
600
240
47
112
335
882
600
5
515
108
170
335
114
177
47
964
146
330
47
61
41
600
41
600
454
147
911
496
207
114
805
147
280
47
47
110
41
41
904
147
762
104
583
465
47
600
41
540
911
384
803
340
805
147
399
600
583
41
496
661
47
330
41
41
147
147
41
147
859
41
805
147
600
421
904
30
47
454
47
528
374
978
39
805
395
166
146
600
661
41
661
600
600
41
330
600
147
600
335
147
147
583
496
600
583
904
338
330
600
138
583
515
128
517
41
47
340
805
65
600
583
340
955
47
374
528
600
47
147
114
484
882
600
335
600
600
904
147
955
673
515
117
268
553
515
47
870
561
583
41
47
295
600
964
600
158
104
41
41
147
374
179
496
955
600
41
374
41
47
805
831
41
41
330
600
41
600
41
41
501
315
978
886
964
98
528
245
600
340
978
28
854
110
600
945
642
600
340
882
911
503
548
600
47
600
47
47
904
600
5
761
374
41
600
515
515
661
47
882
41
600
454
147
207
583
528
147
600
147
335
496
41
110
186
41
104
41
805
5
47
147
600
41
805
969
339
964
41
911
528
515
964
964
335
600
47
583
245
515
47
54
886
583
330
911
969
642
964
41
47
454
834
335
41
41
147
600
158
600
600
805
600
600
340
240
5
340
41
147
47
817
978
3
532
147
600
600
583
911
978
947
335
833
47
335
147
110
374
515
580
454
41
600
600
47
372
374
147
147
41
600
978
600
882
147
9
429
47
41
280
522
805
47
515
600
374
47
41
374
529
602
661
600
374
147
47
904
146
47
515
600
882
600
47
805
47
41
600
335
675
340
978
469
600
964
969
522
503
47
41
147
166
964
104
600
47
41
454
748
600
30
964
295
600
112
600
47
147
600
661
147
41
147
47
41
761
600
522
284
600
661
661
330
147
147
904
295
490
166
47
661
110
110
99
496
630
805
155
41
964
600
146
904
695
5
41
41
600
600
911
600
496
41
295
496
882
147
295
47
969
978
600
47
600
904
327
600
805
600
41
600
41
520
515
528
969
157
280
147
600
295
322
496
147
833
47
600
435
47
870
147
638
41
147
600
47
600
41
146
454
47
47
548
892
805
600
108
128
134
293
281
600
315
335
147
904
600
978
600
338
280
515
338
147
41
41
600
602
969
47
870
600
147
515
583
330
969
147
863
104
685
41
147
600
964
964
41
964
374
41
491
147
957
41
159
626
47
374
469
75
335
969
388
146
41
389
147
5
969
41
955
41
340
147
5
600
978
805
41
452
38
41
166
600
978
240
90
41
90
661
47
911
805
805
399
183
761
661
600
427
315
583
891
293
951
388
47
47
969
661
547
47
992
600
805
805
47
515
945
600
47
971
474
315
41
41
600
904
47
955
600
179
335
293
41
340
295
45
561
955
146
600
978
54
580
41
404
600
994
41
330
315
600
661
192
600
600
311
600
41
496
805
147
166
561
805
268
47
978
496
41
805
147
886
147
335
496
600
310
41
964
661
147
600
427
600
196
374
147
600
330
41
41
207
583
469
47
15
147
41
805
661
805
147
147
583
110
147
955
501
147
147
156
41
600
911
147
688
256
64
217
