1000000000000000000
1217414693
1000000000000000000
764664949
1000000000000000000
1000000000000000000
1000000000000000000
1000000000000000000
1000000000000000000
1000000000000000000
1000000000000000000
1000000000000000000
1000000000000000000
871048954
1000000000000000000
1000000000000000000
1000000000000000000
1000000000000000000
1000000000000000000
1000000000000000000
1000000000000000000
1000000000000000000
1000000000000000000
1000000000000000000
1000000000000000000
1727913095
1000000000000000000
1083296200
1000000000000000000
1000000000000000000
1000000000000000000
1000000000000000000
1000000000000000000
1000000000000000000
1000000000000000000
1038896800
1000000000000000000
1000000000000000000
1000000000000000000
1000000000000000000
1000000000000000000
1000000000000000000
1000000000000000000
1000000000000000000
1000000000000000000
1088454980
1000000000000000000
1513690376
1000000000000000000
1000000000000000000
1000000000000000000
972198131
1000000000000000000
1000000000000000000
1000000000000000000
1000000000000000000
1319049344
1319049344
1000000000000000000
713705543
1000000000000000000
1000000000000000000
1000000000000000000
1000000000000000000
1000000000000000000
1000000000000000000
1000000000000000000
796684962
1000000000000000000
1000000000000000000
1000000000000000000
1000000000000000000
1000000000000000000
1065967967
1000000000000000000
1000000000000000000
1000000000000000000
1000000000000000000
1000000000000000000
1000000000000000000
1000000000000000000
1000000000000000000
1000000000000000000
1000000000000000000
1000000000000000000
1000000000000000000
1000000000000000000
1000000000000000000
1000000000000000000
1078455728
1000000000000000000
1000000000000000000
1000000000000000000
1000000000000000000
1000000000000000000
1000000000000000000
1000000000000000000
1000000000000000000
1000000000000000000
941571841
1000000000000000000
1000000000000000000
1000000000000000000
1000000000000000000
1000000000000000000
941837956
1000000000000000000
688887279
1000000000000000000
1000000000000000000
1000000000000000000
676038828
1000000000000000000
1094863065
1000000000000000000
1000000000000000000
1000000000000000000
1000000000000000000
1000000000000000000
736878126
1000000000000000000
956016803
1000000000000000000
1152175596
1000000000000000000
1000000000000000000
1000000000000000000
1000000000000000000
1000000000000000000
1000000000000000000
1000000000000000000
935790617
1000000000000000000
1000000000000000000
1000000000000000000
1000000000000000000
1000000000000000000
1000000000000000000
1000000000000000000
1000000000000000000
1000000000000000000
1000000000000000000
1000000000000000000
1658726222
1000000000000000000
1000000000000000000
1000000000000000000
950499181
1000000000000000000
1000000000000000000
1000000000000000000
1000000000000000000
1000000000000000000
1000000000000000000
1000000000000000000
1298121958
1000000000000000000
1000000000000000000
1000000000000000000
881918418
1000000000000000000
1787808182
1000000000000000000
1000000000000000000
1000000000000000000
1000000000000000000
1000000000000000000
1318013069
578527365
578527365
1000000000000000000
721676845
1000000000000000000
1024317692
1000000000000000000
1000000000000000000
1000000000000000000
1000000000000000000
1000000000000000000
1000000000000000000
1000000000000000000
1091813121
1000000000000000000
868746844
1000000000000000000
1000000000000000000
1000000000000000000
1000000000000000000
1000000000000000000
1000000000000000000
1000000000000000000
725115838
1000000000000000000
887536044
605451367
605451367
1000000000000000000
1000000000000000000
1000000000000000000
1000000000000000000
1000000000000000000
1000000000000000000
1000000000000000000
1000000000000000000
1000000000000000000
1037344807
1000000000000000000
1000000000000000000
1000000000000000000
1000000000000000000
1000000000000000000
1498107501
1000000000000000000
1000000000000000000
1000000000000000000
928479874
1000000000000000000
1000000000000000000
1000000000000000000
1000000000000000000
1000000000000000000
1000000000000000000
1000000000000000000
1000000000000000000
1000000000000000000
783878727
1000000000000000000
1035252187
1000000000000000000
1000000000000000000
1000000000000000000
986295409
1000000000000000000
1000000000000000000
1000000000000000000
624784838
1000000000000000000
1182299574
1000000000000000000
1000000000000000000
1000000000000000000
1000000000000000000
1000000000000000000
1476124881
1000000000000000000
1552069495
1000000000000000000
1000000000000000000
1000000000000000000
1130021250
1000000000000000000
1000000000000000000
1000000000000000000
1466318305
1000000000000000000
1660251317
1000000000000000000
1000000000000000000
1000000000000000000
1000000000000000000
1000000000000000000
908553931
1000000000000000000
1000000000000000000
1000000000000000000
1000000000000000000
1000000000000000000
1000000000000000000
1000000000000000000
1000000000000000000
847514404
847514404
1000000000000000000
1000000000000000000
1000000000000000000
859537719
1000000000000000000
1606562168
1000000000000000000
1000000000000000000
1000000000000000000
1000000000000000000
1000000000000000000
1000000000000000000
1000000000000000000
958580039
1000000000000000000
649771247
1000000000000000000
1000000000000000000
1000000000000000000
1000000000000000000
1000000000000000000
1000000000000000000
1000000000000000000
1000000000000000000
1000000000000000000
1000000000000000000
1000000000000000000
1000000000000000000
1000000000000000000
1000000000000000000
1000000000000000000
1706251244
1000000000000000000
1000000000000000000
1000000000000000000
1000000000000000000
1000000000000000000
1000000000000000000
1000000000000000000
1000000000000000000
1000000000000000000
1000000000000000000
1000000000000000000
1000000000000000000
1000000000000000000
1000000000000000000
1000000000000000000
1512954902
1000000000000000000
1000000000000000000
1000000000000000000
1000000000000000000
1000000000000000000
1051783495
1000000000000000000
1000000000000000000
1138351170
884918939
1000000000000000000
1000000000000000000
1000000000000000000
1000000000000000000
1000000000000000000
1000000000000000000
1000000000000000000
1000000000000000000
1000000000000000000
864556154
1000000000000000000
1173460717
1000000000000000000
1265996589
1000000000000000000
1000000000000000000
1000000000000000000
1313533249
1000000000000000000
1616355551
1000000000000000000
1539880173
1000000000000000000
1000000000000000000
1000000000000000000
915612683
1000000000000000000
1044691955
1000000000000000000
1000000000000000000
1000000000000000000
1000000000000000000
1000000000000000000
1000000000000000000
1000000000000000000
1000000000000000000
1000000000000000000
1000000000000000000
1000000000000000000
1000000000000000000
1000000000000000000
980430135
1000000000000000000
1000000000000000000
1000000000000000000
1519852653
1000000000000000000
826908441
1000000000000000000
1170768820
1000000000000000000
1000000000000000000
1000000000000000000
1000000000000000000
1000000000000000000
1404727537
1000000000000000000
1000000000000000000
1000000000000000000
1270470439
1000000000000000000
1000000000000000000
1000000000000000000
884099925
1000000000000000000
1000000000000000000
1000000000000000000
1000000000000000000
1000000000000000000
1000000000000000000
1000000000000000000
1000000000000000000
1000000000000000000
1000000000000000000
1000000000000000000
688157638
1000000000000000000
1000000000000000000
673785365
673785365
1000000000000000000
1000000000000000000
1000000000000000000
566946905
1000000000000000000
1000000000000000000
1000000000000000000
1000000000000000000
1000000000000000000
1000000000000000000
1000000000000000000
1000000000000000000
1000000000000000000
1430190514
1000000000000000000
925869183
1000000000000000000
1000000000000000000
1000000000000000000
956156995
1000000000000000000
1000000000000000000
1000000000000000000
1713917084
1000000000000000000
969108827
1000000000000000000
1000000000000000000
1000000000000000000
1000000000000000000
1000000000000000000
1000000000000000000
1000000000000000000
1000000000000000000
840401818
707429491
1000000000000000000
1000000000000000000
1000000000000000000
1000000000000000000
1000000000000000000
1000000000000000000
989310356
989310356
1000000000000000000
1132757508
1000000000000000000
1000000000000000000
1000000000000000000
1414943864
1000000000000000000
1000000000000000000
1000000000000000000
1000000000000000000
1000000000000000000
1543679332
1000000000000000000
1031312505
1000000000000000000
1000000000000000000
1000000000000000000
1000000000000000000
1000000000000000000
1000000000000000000
1000000000000000000
1000000000000000000
1000000000000000000
1000000000000000000
1000000000000000000
1000000000000000000
1000000000000000000
1000000000000000000
1000000000000000000
948514347
1000000000000000000
1000000000000000000
1000000000000000000
1000000000000000000
1000000000000000000
1000000000000000000
1000000000000000000
1090326244
1000000000000000000
762717272
1000000000000000000
1000000000000000000
1000000000000000000
1083845908
1000000000000000000
1000000000000000000
1000000000000000000
1000000000000000000
1000000000000000000
1000000000000000000
1000000000000000000
1000000000000000000
1000000000000000000
1000000000000000000
1000000000000000000
1000000000000000000
1000000000000000000
1000000000000000000
1000000000000000000
1000000000000000000
1000000000000000000
1000000000000000000
1000000000000000000
1164892772
1000000000000000000
1000000000000000000
1000000000000000000
1301373815
1000000000000000000
1000000000000000000
1000000000000000000
1000000000000000000
1000000000000000000
1000000000000000000
1000000000000000000
1000000000000000000
1000000000000000000
1000000000000000000
1000000000000000000
1000000000000000000
1000000000000000000
1000000000000000000
1000000000000000000
901834743
1000000000000000000
979243286
1000000000000000000
1000000000000000000
1000000000000000000
1000000000000000000
1000000000000000000
1000000000000000000
1000000000000000000
1000000000000000000
1000000000000000000
1000000000000000000
1000000000000000000
892754707
1000000000000000000
1000000000000000000
1000000000000000000
1000000000000000000
1000000000000000000
575384775
1000000000000000000
1108833034
1000000000000000000
1000000000000000000
1000000000000000000
933839497
1000000000000000000
1102886297
1000000000000000000
1166360671
1000000000000000000
1000000000000000000
1000000000000000000
1000000000000000000
1000000000000000000
1108178885
1000000000000000000
1700985342
887076683
887076683
1000000000000000000
1523859238
1000000000000000000
1000000000000000000
1000000000000000000
1000000000000000000
1000000000000000000
1175899812
1000000000000000000
1514703737
1000000000000000000
1000000000000000000
1000000000000000000
1000000000000000000
1000000000000000000
1486986350
1000000000000000000
1713145383
1000000000000000000
1000000000000000000
1167335789
1160634959
1000000000000000000
847190302
1000000000000000000
1000000000000000000
1000000000000000000
1110699722
1000000000000000000
975649849
1000000000000000000
1604022651
1000000000000000000
1000000000000000000
1000000000000000000
1623442351
1000000000000000000
1000000000000000000
1000000000000000000
1000000000000000000
1000000000000000000
1000000000000000000
1027305567
1012533952
1000000000000000000
1362324764
1000000000000000000
1000000000000000000
1000000000000000000
1000000000000000000
1000000000000000000
1000000000000000000
1000000000000000000
1000000000000000000
1000000000000000000
985151140
1000000000000000000
941024530
1000000000000000000
1278407269
1000000000000000000
1000000000000000000
1000000000000000000
1000000000000000000
1000000000000000000
1000000000000000000
1000000000000000000
1000000000000000000
1000000000000000000
1000000000000000000
1000000000000000000
1000000000000000000
1000000000000000000
1000000000000000000
1000000000000000000
1000000000000000000
1000000000000000000
1000000000000000000
1000000000000000000
1417745634
1000000000000000000
1000000000000000000
1000000000000000000
1000000000000000000
1000000000000000000
917433204
1000000000000000000
1161434615
1000000000000000000
1000000000000000000
1000000000000000000
1000000000000000000
1000000000000000000
1103207593
1000000000000000000
758988220
1000000000000000000
1000000000000000000
1000000000000000000
1006556310
1000000000000000000
1000000000000000000
1000000000000000000
1000000000000000000
1000000000000000000
1000000000000000000
1000000000000000000
1000000000000000000
1000000000000000000
1000000000000000000
1000000000000000000
1652208290
1000000000000000000
857590629
1000000000000000000
1000000000000000000
1000000000000000000
1318025359
1000000000000000000
1000000000000000000
1000000000000000000
1000000000000000000
1000000000000000000
1000000000000000000
1000000000000000000
1000000000000000000
1000000000000000000
1000000000000000000
1000000000000000000
1000000000000000000
1000000000000000000
1689852351
1000000000000000000
1000000000000000000
1000000000000000000
907224802
1000000000000000000
1000000000000000000
1000000000000000000
1000000000000000000
1000000000000000000
1281416011
1000000000000000000
1000000000000000000
1000000000000000000
1051220053
1000000000000000000
1000000000000000000
1000000000000000000
1000000000000000000
433585254
433585254
1000000000000000000
1000000000000000000
1000000000000000000
1603261967
1000000000000000000
1000000000000000000
1000000000000000000
1000000000000000000
1000000000000000000
1622495820
1000000000000000000
1000000000000000000
1171300487
847751465
1000000000000000000
1000000000000000000
1000000000000000000
1000000000000000000
1000000000000000000
1000000000000000000
1000000000000000000
1000000000000000000
1000000000000000000
1262532600
1000000000000000000
1000000000000000000
1000000000000000000
1339984647
1000000000000000000
813803894
1000000000000000000
1217378206
1000000000000000000
1000000000000000000
1000000000000000000
1000000000000000000
1000000000000000000
1000000000000000000
1000000000000000000
1000000000000000000
1000000000000000000
1147525754
1000000000000000000
1000000000000000000
1000000000000000000
1035260029
1000000000000000000
1000000000000000000
1000000000000000000
1857595172
1000000000000000000
1716438092
1000000000000000000
1367644553
1000000000000000000
1000000000000000000
1000000000000000000
831631362
1000000000000000000
1000000000000000000
953228668
953228668
1000000000000000000
1086954003
1000000000000000000
1094612423
1000000000000000000
1000000000000000000
984103514
984103514
1000000000000000000
1000000000000000000
380153044
380153044
1000000000000000000
987292069
1000000000000000000
1702570819
1000000000000000000
929936681
1000000000000000000
1000000000000000000
1000000000000000000
1000000000000000000
1000000000000000000
1331587499
1000000000000000000
614033027
1000000000000000000
1000000000000000000
1000000000000000000
1000000000000000000
1000000000000000000
1163186332
1000000000000000000
1000000000000000000
1000000000000000000
1000000000000000000
1000000000000000000
1000000000000000000
1000000000000000000
1000000000000000000
1000000000000000000
1000000000000000000
1000000000000000000
1000000000000000000
1338938804
652493705
1000000000000000000
1000000000000000000
1000000000000000000
1000000000000000000
1000000000000000000
883418200
1000000000000000000
1014571965
1000000000000000000
1000000000000000000
1000000000000000000
867762353
1000000000000000000
1000000000000000000
1000000000000000000
1000000000000000000
1000000000000000000
1000000000000000000
933754244
933754244
1000000000000000000
1000000000000000000
1000000000000000000
965414448
1000000000000000000
1000000000000000000
1000000000000000000
1000000000000000000
530229889
530229889
1000000000000000000
1048004051
1000000000000000000
1000000000000000000
1000000000000000000
1000000000000000000
1000000000000000000
1022841309
1000000000000000000
522455057
1000000000000000000
1187533189
907283251
907283251
1000000000000000000
1000000000000000000
1000000000000000000
1000000000000000000
1000000000000000000
1000000000000000000
1000000000000000000
1000000000000000000
1000000000000000000
1000000000000000000
1000000000000000000
1000000000000000000
1000000000000000000
1364263878
1000000000000000000
1000000000000000000
1000000000000000000
1000000000000000000
1000000000000000000
1272459443
711301591
711301591
1000000000000000000
1000000000000000000
1000000000000000000
858547142
1000000000000000000
1000000000000000000
1000000000000000000
1000000000000000000
1000000000000000000
1000000000000000000
1000000000000000000
1000000000000000000
1000000000000000000
1000000000000000000
1000000000000000000
1000000000000000000
1000000000000000000
1000000000000000000
1000000000000000000
1000000000000000000
1000000000000000000
1000000000000000000
1000000000000000000
1000000000000000000
1000000000000000000
1000000000000000000
1000000000000000000
1175130983
1000000000000000000
1000000000000000000
1000000000000000000
1069988163
1000000000000000000
1000000000000000000
1000000000000000000
947477988
1000000000000000000
1000583340
1015157938
1015157938
1000000000000000000
1000000000000000000
1000000000000000000
1000000000000000000
1000000000000000000
1581903847
1000000000000000000
1000000000000000000
1000000000000000000
1597475564
1000000000000000000
1000000000000000000
1000000000000000000
1000000000000000000
1000000000000000000
1051624319
1000000000000000000
1000000000000000000
1000000000000000000
1000000000000000000
1000000000000000000
1729492084
1000000000000000000
1663840071
1000000000000000000
1000000000000000000
1000000000000000000
1000000000000000000
1000000000000000000
1000000000000000000
1000000000000000000
1000000000000000000
1000000000000000000
1000000000000000000
1000000000000000000
960589285
1000000000000000000
1000000000000000000
1000000000000000000
1000000000000000000
628362776
628362776
1000000000000000000
731407383
1000000000000000000
1480325459
1000000000000000000
1000000000000000000
1000000000000000000
824561203
1000000000000000000
1000000000000000000
1000000000000000000
959881673
1000000000000000000
1000000000000000000
1000000000000000000
1365018489
1000000000000000000
1396930774
1000000000000000000
820833226
1000000000000000000
1000000000000000000
1000000000000000000
1000000000000000000
1000000000000000000
1000000000000000000
1000000000000000000
1000000000000000000
1000000000000000000
1114212598
1000000000000000000
1132356836
1000000000000000000
936486581
1000000000000000000
1000000000000000000
1000000000000000000
1000000000000000000
1000000000000000000
1226928562
1000000000000000000
1000000000000000000
1000000000000000000
821639839
1000000000000000000
1774336070
1000000000000000000
1000000000000000000
1000000000000000000
1000000000000000000
1000000000000000000
1000000000000000000
1000000000000000000
1000000000000000000
1000000000000000000
864245735
911610477
911610477
1000000000000000000
1000000000000000000
1000000000000000000
1000000000000000000
1000000000000000000
1000000000000000000
1000000000000000000
1082778829
1000000000000000000
1000000000000000000
1000000000000000000
1000000000000000000
1000000000000000000
1000000000000000000
1000000000000000000
1000000000000000000
1000000000000000000
787015337
1000000000000000000
1000000000000000000
1000000000000000000
895798652
1000000000000000000
1000000000000000000
1000000000000000000
1000000000000000000
1000000000000000000
1000000000000000000
1000000000000000000
1000000000000000000
1000000000000000000
1027735006
1000000000000000000
1400707586
1000000000000000000
1000000000000000000
1000000000000000000
1000000000000000000
1000000000000000000
1007134725
1000000000000000000
1000000000000000000
1000000000000000000
1000000000000000000
1000000000000000000
1000000000000000000
1000000000000000000
781575593
1000000000000000000
941643172
1000000000000000000
1000000000000000000
1000000000000000000
1000000000000000000
1000000000000000000
1101455834
1123077434
1123077434
1000000000000000000
1000000000000000000
1000000000000000000
1000000000000000000
1000000000000000000
1000000000000000000
1000000000000000000
1000000000000000000
1000000000000000000
1000000000000000000
1000000000000000000
915430716
1000000000000000000
1583181546
1000000000000000000
1000000000000000000
1000000000000000000
967851366
1000000000000000000
919956496
1000000000000000000
1000000000000000000
1000000000000000000
1000000000000000000
1000000000000000000
1000000000000000000
1000000000000000000
1636804201
1305535493
1305535493
1000000000000000000
1000000000000000000
1000000000000000000
1000000000000000000
1000000000000000000
1145106466
1000000000000000000
1419286277
1000000000000000000
842398969
1000000000000000000
1000000000000000000
1000000000000000000
1213925767
1000000000000000000
1000000000000000000
1000000000000000000
1000000000000000000
1000000000000000000
1000000000000000000
1000000000000000000
1000000000000000000
1000000000000000000
1000000000000000000
1000000000000000000
1000000000000000000
1000000000000000000
1000000000000000000
1000000000000000000
989296253
1000000000000000000
1000000000000000000
1000000000000000000
955240412
1000000000000000000
1000000000000000000
1000000000000000000
1000000000000000000
1000000000000000000
1000000000000000000
1000000000000000000
1494554706
1000000000000000000
1000000000000000000
1000000000000000000
1060811302
1000000000000000000
1000000000000000000
1000000000000000000
1319575070
1000000000000000000
1466359340
1000000000000000000
1000000000000000000
1000000000000000000
1635055834
1000000000000000000
1000000000000000000
1000000000000000000
856514913
1000000000000000000
1825296097
1000000000000000000
1000000000000000000
1000000000000000000
769121007
1000000000000000000
1000000000000000000
1000000000000000000
1000000000000000000
1000000000000000000
1000000000000000000
964371512
759846264
1000000000000000000
1000000000000000000
1000000000000000000
1107252412
1000000000000000000
1752486028
1000000000000000000
709859039
1000000000000000000
1000000000000000000
1000000000000000000
905422718
1000000000000000000
1000000000000000000
1000000000000000000
1000000000000000000
1000000000000000000
873797344
1000000000000000000
1000000000000000000
1000000000000000000
1226369439
1000000000000000000
1000000000000000000
1000000000000000000
1000000000000000000
1000000000000000000
1000000000000000000
1000000000000000000
1000000000000000000
1000000000000000000
1000000000000000000
1000000000000000000
1000000000000000000
1000000000000000000
1000000000000000000
1000000000000000000
1000000000000000000
1000000000000000000
1000000000000000000
1000000000000000000
1000000000000000000
1000000000000000000
805670374
1000000000000000000
1000000000000000000
1000000000000000000
1000000000000000000
1000000000000000000
1000000000000000000
1000000000000000000
1000000000000000000
1000000000000000000
1000000000000000000
1000000000000000000
1000000000000000000
1000000000000000000
1000000000000000000
1000000000000000000
1000000000000000000
1000000000000000000
1000000000000000000
1000000000000000000
1000000000000000000
1000000000000000000
1000000000000000000
1000000000000000000
1391914566
1000000000000000000
678650592
1000000000000000000
1000000000000000000
1000000000000000000
1000000000000000000
1000000000000000000
1000000000000000000
1000000000000000000
1559192340
1000000000000000000
1258139888
1000000000000000000
1140564917
1000000000000000000
1000000000000000000
1000000000000000000
1000000000000000000
1000000000000000000
1000000000000000000
1000000000000000000
1000000000000000000
1000000000000000000
1000000000000000000
1000000000000000000
1000000000000000000
1000000000000000000
1000000000000000000
1000000000000000000
614880291
770083348
770083348
1000000000000000000
1103785454
1000000000000000000
943830865
1000000000000000000
1036720227
1000000000000000000
1000000000000000000
1000000000000000000
1000000000000000000
1000000000000000000
1597312107
1000000000000000000
1060610097
1000000000000000000
1000000000000000000
1000000000000000000
1000000000000000000
1000000000000000000
1000000000000000000
1000000000000000000
1000000000000000000
1000000000000000000
1111337423
1000000000000000000
1000000000000000000
1000000000000000000
1000000000000000000
1000000000000000000
1000000000000000000
1000000000000000000
1000000000000000000
1000000000000000000
930171075
1000000000000000000
1000000000000000000
1000000000000000000
1775565635
1000000000000000000
1444358116
1000000000000000000
1169527867
1000000000000000000
869092526
1000000000000000000
1000000000000000000
1000000000000000000
1000000000000000000
1000000000000000000
1048611973
1000000000000000000
982776182
1000000000000000000
1000000000000000000
1000000000000000000
1000000000000000000
1000000000000000000
1518089656
1000000000000000000
1000000000000000000
1000000000000000000
1000000000000000000
1000000000000000000
1859813528
1000000000000000000
1000000000000000000
1000000000000000000
1000000000000000000
1000000000000000000
1000000000000000000
1000000000000000000
1000000000000000000
1000000000000000000
1000000000000000000
1000000000000000000
1000000000000000000
1000000000000000000
1072829872
1000000000000000000
1511564117
1000000000000000000
1000000000000000000
1000000000000000000
1000000000000000000
1000000000000000000
1000000000000000000
1000000000000000000
1000000000000000000
1000000000000000000
1000000000000000000
1000000000000000000
1000000000000000000
1000000000000000000
1000000000000000000
1173721749
906822172
1000000000000000000
1000000000000000000
1000000000000000000
851890624
1000000000000000000
1852136225
1000000000000000000
1000000000000000000
1000000000000000000
1080450621
1000000000000000000
1000000000000000000
1000000000000000000
1000000000000000000
1000000000000000000
1000000000000000000
1000000000000000000
1000000000000000000
741289723
741289723
1000000000000000000
1000000000000000000
1000000000000000000
1000000000000000000
1000000000000000000
1000000000000000000
1000000000000000000
962208543
1000000000000000000
1000000000000000000
1000000000000000000
1000000000000000000
1000000000000000000
1000000000000000000
1000000000000000000
1000000000000000000
1000000000000000000
1000000000000000000
1000000000000000000
969106720
1000000000000000000
1541757290
1000000000000000000
1000000000000000000
1000000000000000000
883371571
1000000000000000000
1000000000000000000
1114242725
1114242725
1000000000000000000
1000000000000000000
1000000000000000000
1000000000000000000
1000000000000000000
1000000000000000000
1000000000000000000
1000000000000000000
1000000000000000000
1000000000000000000
1000000000000000000
1000000000000000000
1000000000000000000
1000000000000000000
1000000000000000000
1728517054
1000000000000000000
1552757799
1000000000000000000
1000000000000000000
1000000000000000000
1000000000000000000
1000000000000000000
1000000000000000000
1000000000000000000
654608942
1000000000000000000
1000000000000000000
1000000000000000000
937484921
1000000000000000000
753234980
1000000000000000000
1000000000000000000
1000000000000000000
1335529582
1000000000000000000
1000000000000000000
1000000000000000000
980739918
1000000000000000000
1356046917
1000000000000000000
980588640
1000000000000000000
1218599043
1000000000000000000
1000000000000000000
711547912
711547912
